<?xml version="1.0" encoding="UTF-8"?>
<!-- Generated by org.testng.reporters.JUnitReportReporter -->
<testsuite skipped="0" hostname="XE-T-HIMANIBA" name="HomePageTest" tests="1" failures="0" timestamp="15 Nov 2017 10:52:57 GMT" time="0.472" errors="0">
  <testcase name="verifyhomepage" time="0.472" classname="HomePageTest"/>
</testsuite> <!-- HomePageTest -->
