<?xml version="1.0" encoding="UTF-8"?>
<!-- Generated by org.testng.reporters.JUnitReportReporter -->
<testsuite skipped="0" hostname="XE-T-HIMANIBA" name="functionPackage.OpenBrowser" tests="1" failures="0" timestamp="14 Nov 2017 10:44:54 GMT" time="12.556" errors="0">
  <testcase name="paralleltesting" time="12.556" classname="functionPackage.OpenBrowser"/>
</testsuite> <!-- functionPackage.OpenBrowser -->
