<?xml version="1.0" encoding="UTF-8"?>
<!-- Generated by org.testng.reporters.JUnitReportReporter -->
<testsuite skipped="0" hostname="XE-T-HIMANIBA" name="HomePageTest" tests="1" failures="0" timestamp="15 Nov 2017 10:00:36 GMT" time="0.565" errors="0">
  <testcase name="verifyhomepage" time="0.565" classname="HomePageTest"/>
</testsuite> <!-- HomePageTest -->
